Using pre-set license
Built from '2020.2/release' branch; Version is '2020.2.4f1 (becced5a802b) revision 12504301'; Using compiler version '192528614'; Build Type 'Release'
OS: 'Windows 10 Pro; OS build 19043.1645; Version 2009; 64bit' Language: 'es' Physical Memory: 16308 MB
BatchMode: 1, IsHumanControllingUs: 0, StartBugReporterOnCrash: 0, Is64bit: 1, IsPro: 0

 COMMAND LINE ARGUMENTS:
C:\Program Files\Unity\Hub\Editor\2020.2.4f1\Editor\Unity.exe
-adb2
-batchMode
-noUpm
-name
AssetImportWorker0
-projectPath
C:/Users/ekas3/Introduction to Scripting Part 1
-logFile
Logs/AssetImportWorker0.log
-srvPort
56553
Successfully changed project path to: C:/Users/ekas3/Introduction to Scripting Part 1
C:/Users/ekas3/Introduction to Scripting Part 1
Using Asset Import Pipeline V2.
Refreshing native plugins compatible for Editor in 15.56 ms, found 0 plugins.
Preloading 0 native plugins for Editor in 0.00 ms.
Initialize engine version: 2020.2.4f1 (becced5a802b)
[Subsystems] Discovering subsystems at path C:/Program Files/Unity/Hub/Editor/2020.2.4f1/Editor/Data/Resources/UnitySubsystems
[Subsystems] Discovering subsystems at path C:/Users/ekas3/Introduction to Scripting Part 1/Assets
GfxDevice: creating device client; threaded=0
Direct3D:
    Version:  Direct3D 11.0 [level 11.1]
    Renderer: NVIDIA GeForce RTX 2060 (ID=0x1f08)
    Vendor:   
    VRAM:     5980 MB
    Driver:   30.0.15.1215
Initialize mono
Mono path[0] = 'C:/Program Files/Unity/Hub/Editor/2020.2.4f1/Editor/Data/Managed'
Mono path[1] = 'C:/Program Files/Unity/Hub/Editor/2020.2.4f1/Editor/Data/MonoBleedingEdge/lib/mono/unityjit'
Mono config path = 'C:/Program Files/Unity/Hub/Editor/2020.2.4f1/Editor/Data/MonoBleedingEdge/etc'
Using monoOptions --debugger-agent=transport=dt_socket,embedding=1,server=y,suspend=n,address=127.0.0.1:56180
Begin MonoManager ReloadAssembly
Registering precompiled unity dll's ...
Register platform support module: C:/Program Files/Unity/Hub/Editor/2020.2.4f1/Editor/Data/PlaybackEngines/WindowsStandaloneSupport/UnityEditor.WindowsStandalone.Extensions.dll
Registered in 0.001597 seconds.
Native extension for WindowsStandalone target not found
Refreshing native plugins compatible for Editor in 15.34 ms, found 0 plugins.
Preloading 0 native plugins for Editor in 0.00 ms.
Invoked RoslynAnalysisRunner static constructor.
RoslynAnalysisRunner will not be running.
RoslynAnalysisRunner has terminated.
Mono: successfully reloaded assembly
- Completed reload, in  0.695 seconds
Platform modules already initialized, skipping
Registering precompiled user dll's ...
Registered in 0.000518 seconds.
Begin MonoManager ReloadAssembly
Native extension for WindowsStandalone target not found
Refreshing native plugins compatible for Editor in 0.18 ms, found 0 plugins.
Preloading 0 native plugins for Editor in 0.00 ms.
Invoked RoslynAnalysisRunner static constructor.
RoslynAnalysisRunner will not be running.
RoslynAnalysisRunner has terminated.
Mono: successfully reloaded assembly
- Completed reload, in  0.484 seconds
Platform modules already initialized, skipping
========================================================================
Worker process is ready to serve import requests
Launched and connected shader compiler UnityShaderCompiler.exe after 0.03 seconds
Refreshing native plugins compatible for Editor in 0.18 ms, found 0 plugins.
Preloading 0 native plugins for Editor in 0.00 ms.
Unloading 1112 Unused Serialized files (Serialized files now loaded: 0)
System memory in use before: 57.1 MB.
System memory in use after: 57.1 MB.

Unloading 9 unused Assets to reduce memory usage. Loaded Objects now: 1554.
Total: 1.389300 ms (FindLiveObjects: 0.121400 ms CreateObjectMapping: 0.027700 ms MarkObjects: 1.194700 ms  DeleteObjects: 0.044500 ms)

========================================================================
Received Import Request.
  path: Assets/RW/Prefabs/Sheep.prefab
  artifactKey: Guid(6dadb139e2fb0024da731e6e07a94bf2) Importer(815301076,1909f56bfc062723c751e8b465ee728b)
Start importing Assets/RW/Prefabs/Sheep.prefab using Guid(6dadb139e2fb0024da731e6e07a94bf2) Importer(815301076,1909f56bfc062723c751e8b465ee728b)  -> (artifact id: '4dd25079205a3d60b8cbf6d622559345') in 0.063349 seconds
  Import took 0.064938 seconds .

========================================================================
Received Import Request.
  Time since last request: 13.214985 seconds.
  path: Assets/RW/Prefabs/Sheep.prefab
  artifactKey: Guid(6dadb139e2fb0024da731e6e07a94bf2) Importer(815301076,1909f56bfc062723c751e8b465ee728b)
Start importing Assets/RW/Prefabs/Sheep.prefab using Guid(6dadb139e2fb0024da731e6e07a94bf2) Importer(815301076,1909f56bfc062723c751e8b465ee728b)  -> (artifact id: 'e1d354d02d6cea7ef528e304d85fc55e') in 0.010204 seconds
  Import took 0.011712 seconds .

========================================================================
Received Import Request.
  Time since last request: 5.998272 seconds.
  path: Assets/RW/Prefabs/Sheep.prefab
  artifactKey: Guid(6dadb139e2fb0024da731e6e07a94bf2) Importer(815301076,1909f56bfc062723c751e8b465ee728b)
Start importing Assets/RW/Prefabs/Sheep.prefab using Guid(6dadb139e2fb0024da731e6e07a94bf2) Importer(815301076,1909f56bfc062723c751e8b465ee728b)  -> (artifact id: '10cc9f4d7ecdb91b8790b29cf10ac629') in 0.012584 seconds
  Import took 0.014106 seconds .

========================================================================
Received Prepare
Registering precompiled user dll's ...
Registered in 0.000514 seconds.
Begin MonoManager ReloadAssembly
Native extension for WindowsStandalone target not found
Refreshing native plugins compatible for Editor in 0.19 ms, found 0 plugins.
Preloading 0 native plugins for Editor in 0.00 ms.
Invoked RoslynAnalysisRunner static constructor.
RoslynAnalysisRunner will not be running.
RoslynAnalysisRunner has terminated.
Mono: successfully reloaded assembly
- Completed reload, in  0.457 seconds
Platform modules already initialized, skipping
Refreshing native plugins compatible for Editor in 0.17 ms, found 0 plugins.
Preloading 0 native plugins for Editor in 0.00 ms.
Unloading 1106 Unused Serialized files (Serialized files now loaded: 0)
System memory in use before: 60.1 MB.
System memory in use after: 60.2 MB.

Unloading 4 unused Assets to reduce memory usage. Loaded Objects now: 1563.
Total: 1.203400 ms (FindLiveObjects: 0.100600 ms CreateObjectMapping: 0.026500 ms MarkObjects: 1.065300 ms  DeleteObjects: 0.010300 ms)

========================================================================
Received Import Request.
  Time since last request: 800.838960 seconds.
  path: Assets/RW/Scripts/Title.cs
  artifactKey: Guid(3f2df3ca34b0a5947b338829d52f0564) Importer(815301076,1909f56bfc062723c751e8b465ee728b)
Start importing Assets/RW/Scripts/Title.cs using Guid(3f2df3ca34b0a5947b338829d52f0564) Importer(815301076,1909f56bfc062723c751e8b465ee728b)  -> (artifact id: '408321e05d808d309f3185a93665f6b0') in 0.007192 seconds
  Import took 0.008827 seconds .

========================================================================
Received Prepare
Registering precompiled user dll's ...
Registered in 0.000414 seconds.
Begin MonoManager ReloadAssembly
Native extension for WindowsStandalone target not found
Refreshing native plugins compatible for Editor in 0.18 ms, found 0 plugins.
Preloading 0 native plugins for Editor in 0.00 ms.
Invoked RoslynAnalysisRunner static constructor.
RoslynAnalysisRunner will not be running.
RoslynAnalysisRunner has terminated.
Mono: successfully reloaded assembly
- Completed reload, in  0.481 seconds
Platform modules already initialized, skipping
Refreshing native plugins compatible for Editor in 0.16 ms, found 0 plugins.
Preloading 0 native plugins for Editor in 0.00 ms.
Unloading 1107 Unused Serialized files (Serialized files now loaded: 0)
System memory in use before: 60.1 MB.
System memory in use after: 60.2 MB.

Unloading 4 unused Assets to reduce memory usage. Loaded Objects now: 1566.
Total: 1.239400 ms (FindLiveObjects: 0.103200 ms CreateObjectMapping: 0.027900 ms MarkObjects: 1.097900 ms  DeleteObjects: 0.009500 ms)

========================================================================
Received Import Request.
  Time since last request: 20.925408 seconds.
  path: Assets/RW/Scripts/StartButtton.cs
  artifactKey: Guid(9578df3f44f1c5641abfe9eee3ed50d4) Importer(815301076,1909f56bfc062723c751e8b465ee728b)
Start importing Assets/RW/Scripts/StartButtton.cs using Guid(9578df3f44f1c5641abfe9eee3ed50d4) Importer(815301076,1909f56bfc062723c751e8b465ee728b)  -> (artifact id: '8a337868c4415a35aa24d4e9c28baca1') in 0.006811 seconds
  Import took 0.008326 seconds .

========================================================================
Received Prepare
Registering precompiled user dll's ...
Registered in 0.000437 seconds.
Begin MonoManager ReloadAssembly
Native extension for WindowsStandalone target not found
Refreshing native plugins compatible for Editor in 0.19 ms, found 0 plugins.
Preloading 0 native plugins for Editor in 0.00 ms.
Invoked RoslynAnalysisRunner static constructor.
RoslynAnalysisRunner will not be running.
RoslynAnalysisRunner has terminated.
Mono: successfully reloaded assembly
- Completed reload, in  0.455 seconds
Platform modules already initialized, skipping
Refreshing native plugins compatible for Editor in 0.41 ms, found 0 plugins.
Preloading 0 native plugins for Editor in 0.00 ms.
Unloading 1108 Unused Serialized files (Serialized files now loaded: 0)
System memory in use before: 60.2 MB.
System memory in use after: 60.3 MB.

Unloading 4 unused Assets to reduce memory usage. Loaded Objects now: 1569.
Total: 1.269300 ms (FindLiveObjects: 0.110300 ms CreateObjectMapping: 0.030800 ms MarkObjects: 1.117100 ms  DeleteObjects: 0.010200 ms)

========================================================================
Received Prepare
Registering precompiled user dll's ...
Registered in 0.000446 seconds.
Begin MonoManager ReloadAssembly
Native extension for WindowsStandalone target not found
Refreshing native plugins compatible for Editor in 0.19 ms, found 0 plugins.
Preloading 0 native plugins for Editor in 0.00 ms.
Invoked RoslynAnalysisRunner static constructor.
RoslynAnalysisRunner will not be running.
RoslynAnalysisRunner has terminated.
Mono: successfully reloaded assembly
- Completed reload, in  0.461 seconds
Platform modules already initialized, skipping
Refreshing native plugins compatible for Editor in 0.17 ms, found 0 plugins.
Preloading 0 native plugins for Editor in 0.00 ms.
Unloading 1108 Unused Serialized files (Serialized files now loaded: 0)
System memory in use before: 60.2 MB.
System memory in use after: 60.3 MB.

Unloading 4 unused Assets to reduce memory usage. Loaded Objects now: 1571.
Total: 1.500600 ms (FindLiveObjects: 0.130900 ms CreateObjectMapping: 0.039800 ms MarkObjects: 1.319500 ms  DeleteObjects: 0.009600 ms)

========================================================================
Received Import Request.
  Time since last request: 77.373485 seconds.
  path: Assets/RW/Scripts/StartButtton.cs
  artifactKey: Guid(9578df3f44f1c5641abfe9eee3ed50d4) Importer(815301076,1909f56bfc062723c751e8b465ee728b)
Start importing Assets/RW/Scripts/StartButtton.cs using Guid(9578df3f44f1c5641abfe9eee3ed50d4) Importer(815301076,1909f56bfc062723c751e8b465ee728b)  -> (artifact id: 'f63f673d5b102cd066f8ac9a07f58917') in 0.005686 seconds
  Import took 0.007208 seconds .

========================================================================
Received Prepare
Registering precompiled user dll's ...
Registered in 0.000469 seconds.
Begin MonoManager ReloadAssembly
Native extension for WindowsStandalone target not found
Refreshing native plugins compatible for Editor in 0.18 ms, found 0 plugins.
Preloading 0 native plugins for Editor in 0.00 ms.
Invoked RoslynAnalysisRunner static constructor.
RoslynAnalysisRunner will not be running.
RoslynAnalysisRunner has terminated.
Mono: successfully reloaded assembly
- Completed reload, in  0.459 seconds
Platform modules already initialized, skipping
Refreshing native plugins compatible for Editor in 0.18 ms, found 0 plugins.
Preloading 0 native plugins for Editor in 0.00 ms.
Unloading 1107 Unused Serialized files (Serialized files now loaded: 0)
System memory in use before: 60.2 MB.
System memory in use after: 60.3 MB.

Unloading 5 unused Assets to reduce memory usage. Loaded Objects now: 1572.
Total: 1.293800 ms (FindLiveObjects: 0.120200 ms CreateObjectMapping: 0.022700 ms MarkObjects: 1.138800 ms  DeleteObjects: 0.011300 ms)

========================================================================
Received Prepare
Registering precompiled user dll's ...
Registered in 0.000463 seconds.
Begin MonoManager ReloadAssembly
Native extension for WindowsStandalone target not found
Refreshing native plugins compatible for Editor in 0.18 ms, found 0 plugins.
Preloading 0 native plugins for Editor in 0.00 ms.
Invoked RoslynAnalysisRunner static constructor.
RoslynAnalysisRunner will not be running.
RoslynAnalysisRunner has terminated.
Mono: successfully reloaded assembly
- Completed reload, in  0.467 seconds
Platform modules already initialized, skipping
Refreshing native plugins compatible for Editor in 0.17 ms, found 0 plugins.
Preloading 0 native plugins for Editor in 0.00 ms.
Unloading 1108 Unused Serialized files (Serialized files now loaded: 0)
System memory in use before: 60.2 MB.
System memory in use after: 60.3 MB.

Unloading 4 unused Assets to reduce memory usage. Loaded Objects now: 1575.
Total: 1.429500 ms (FindLiveObjects: 0.130400 ms CreateObjectMapping: 0.043500 ms MarkObjects: 1.244800 ms  DeleteObjects: 0.009900 ms)

========================================================================
Received Prepare
Registering precompiled user dll's ...
Registered in 0.000456 seconds.
Begin MonoManager ReloadAssembly
Native extension for WindowsStandalone target not found
Refreshing native plugins compatible for Editor in 0.18 ms, found 0 plugins.
Preloading 0 native plugins for Editor in 0.00 ms.
Invoked RoslynAnalysisRunner static constructor.
RoslynAnalysisRunner will not be running.
RoslynAnalysisRunner has terminated.
Mono: successfully reloaded assembly
- Completed reload, in  0.469 seconds
Platform modules already initialized, skipping
Refreshing native plugins compatible for Editor in 0.17 ms, found 0 plugins.
Preloading 0 native plugins for Editor in 0.00 ms.
Unloading 1108 Unused Serialized files (Serialized files now loaded: 0)
System memory in use before: 60.2 MB.
System memory in use after: 60.3 MB.

Unloading 4 unused Assets to reduce memory usage. Loaded Objects now: 1577.
Total: 1.356900 ms (FindLiveObjects: 0.108300 ms CreateObjectMapping: 0.030100 ms MarkObjects: 1.207600 ms  DeleteObjects: 0.010000 ms)

========================================================================
Received Prepare
Registering precompiled user dll's ...
Registered in 0.000427 seconds.
Begin MonoManager ReloadAssembly
Native extension for WindowsStandalone target not found
Refreshing native plugins compatible for Editor in 0.18 ms, found 0 plugins.
Preloading 0 native plugins for Editor in 0.00 ms.
Invoked RoslynAnalysisRunner static constructor.
RoslynAnalysisRunner will not be running.
RoslynAnalysisRunner has terminated.
Mono: successfully reloaded assembly
- Completed reload, in  0.472 seconds
Platform modules already initialized, skipping
Refreshing native plugins compatible for Editor in 0.17 ms, found 0 plugins.
Preloading 0 native plugins for Editor in 0.00 ms.
Unloading 1108 Unused Serialized files (Serialized files now loaded: 0)
System memory in use before: 60.2 MB.
System memory in use after: 60.3 MB.

Unloading 4 unused Assets to reduce memory usage. Loaded Objects now: 1579.
Total: 1.190600 ms (FindLiveObjects: 0.115600 ms CreateObjectMapping: 0.028200 ms MarkObjects: 1.037000 ms  DeleteObjects: 0.009100 ms)

========================================================================
Received Import Request.
  Time since last request: 137.504535 seconds.
  path: Assets/RW/Scripts/StartButtton.cs
  artifactKey: Guid(aeac653d78e42204684ff35b8f662448) Importer(815301076,1909f56bfc062723c751e8b465ee728b)
Start importing Assets/RW/Scripts/StartButtton.cs using Guid(aeac653d78e42204684ff35b8f662448) Importer(815301076,1909f56bfc062723c751e8b465ee728b)  -> (artifact id: '463204eeaad0ea8931ae015afd077dfa') in 0.005739 seconds
  Import took 0.007254 seconds .

========================================================================
Received Prepare
Registering precompiled user dll's ...
Registered in 0.000550 seconds.
Begin MonoManager ReloadAssembly
Native extension for WindowsStandalone target not found
Refreshing native plugins compatible for Editor in 0.21 ms, found 0 plugins.
Preloading 0 native plugins for Editor in 0.00 ms.
Invoked RoslynAnalysisRunner static constructor.
RoslynAnalysisRunner will not be running.
RoslynAnalysisRunner has terminated.
Mono: successfully reloaded assembly
- Completed reload, in  0.456 seconds
Platform modules already initialized, skipping
Refreshing native plugins compatible for Editor in 0.16 ms, found 0 plugins.
Preloading 0 native plugins for Editor in 0.00 ms.
Unloading 1108 Unused Serialized files (Serialized files now loaded: 0)
System memory in use before: 60.2 MB.
System memory in use after: 60.3 MB.

Unloading 4 unused Assets to reduce memory usage. Loaded Objects now: 1581.
Total: 1.145400 ms (FindLiveObjects: 0.083600 ms CreateObjectMapping: 0.021500 ms MarkObjects: 1.030500 ms  DeleteObjects: 0.009100 ms)

========================================================================
Received Import Request.
  Time since last request: 43.640802 seconds.
  path: Assets/RW/Scripts/StartButtton.cs
  artifactKey: Guid(aeac653d78e42204684ff35b8f662448) Importer(815301076,1909f56bfc062723c751e8b465ee728b)
Start importing Assets/RW/Scripts/StartButtton.cs using Guid(aeac653d78e42204684ff35b8f662448) Importer(815301076,1909f56bfc062723c751e8b465ee728b)  -> (artifact id: '92856837d044c193dcf8951df5fa70f7') in 0.003256 seconds
  Import took 0.004582 seconds .

========================================================================
Received Prepare
Registering precompiled user dll's ...
Registered in 0.000468 seconds.
Begin MonoManager ReloadAssembly
Native extension for WindowsStandalone target not found
Refreshing native plugins compatible for Editor in 0.18 ms, found 0 plugins.
Preloading 0 native plugins for Editor in 0.00 ms.
Invoked RoslynAnalysisRunner static constructor.
RoslynAnalysisRunner will not be running.
RoslynAnalysisRunner has terminated.
Mono: successfully reloaded assembly
- Completed reload, in  0.460 seconds
Platform modules already initialized, skipping
Refreshing native plugins compatible for Editor in 0.18 ms, found 0 plugins.
Preloading 0 native plugins for Editor in 0.00 ms.
Unloading 1108 Unused Serialized files (Serialized files now loaded: 0)
System memory in use before: 60.2 MB.
System memory in use after: 60.3 MB.

Unloading 4 unused Assets to reduce memory usage. Loaded Objects now: 1583.
Total: 1.341800 ms (FindLiveObjects: 0.136200 ms CreateObjectMapping: 0.027500 ms MarkObjects: 1.166600 ms  DeleteObjects: 0.010800 ms)

========================================================================
Received Import Request.
  Time since last request: 301.451208 seconds.
  path: Assets/RW/Scripts/StartButtton.cs
  artifactKey: Guid(aeac653d78e42204684ff35b8f662448) Importer(815301076,1909f56bfc062723c751e8b465ee728b)
Start importing Assets/RW/Scripts/StartButtton.cs using Guid(aeac653d78e42204684ff35b8f662448) Importer(815301076,1909f56bfc062723c751e8b465ee728b)  -> (artifact id: '95846f5308988ae3c71262bb0be194e2') in 0.003401 seconds
  Import took 0.004892 seconds .

========================================================================
Received Import Request.
  Time since last request: 0.000174 seconds.
  path: Assets/RW/Scripts/StartButtton.cs
  artifactKey: Guid(aeac653d78e42204684ff35b8f662448) Importer(815301076,1909f56bfc062723c751e8b465ee728b)
Start importing Assets/RW/Scripts/StartButtton.cs using Guid(aeac653d78e42204684ff35b8f662448) Importer(815301076,1909f56bfc062723c751e8b465ee728b)  -> (artifact id: '95846f5308988ae3c71262bb0be194e2') in 0.001530 seconds
  Import took 0.002508 seconds .

========================================================================
Received Prepare
Registering precompiled user dll's ...
Registered in 0.000442 seconds.
Begin MonoManager ReloadAssembly
Native extension for WindowsStandalone target not found
Refreshing native plugins compatible for Editor in 0.18 ms, found 0 plugins.
Preloading 0 native plugins for Editor in 0.00 ms.
Invoked RoslynAnalysisRunner static constructor.
RoslynAnalysisRunner will not be running.
RoslynAnalysisRunner has terminated.
Mono: successfully reloaded assembly
- Completed reload, in  0.457 seconds
Platform modules already initialized, skipping
Refreshing native plugins compatible for Editor in 0.17 ms, found 0 plugins.
Preloading 0 native plugins for Editor in 0.00 ms.
Unloading 1107 Unused Serialized files (Serialized files now loaded: 0)
System memory in use before: 60.2 MB.
System memory in use after: 60.3 MB.

Unloading 5 unused Assets to reduce memory usage. Loaded Objects now: 1584.
Total: 1.335100 ms (FindLiveObjects: 0.262800 ms CreateObjectMapping: 0.027800 ms MarkObjects: 1.032900 ms  DeleteObjects: 0.010800 ms)

========================================================================
Received Prepare
Registering precompiled user dll's ...
Registered in 0.000433 seconds.
Begin MonoManager ReloadAssembly
Native extension for WindowsStandalone target not found
Refreshing native plugins compatible for Editor in 0.18 ms, found 0 plugins.
Preloading 0 native plugins for Editor in 0.00 ms.
Invoked RoslynAnalysisRunner static constructor.
RoslynAnalysisRunner will not be running.
RoslynAnalysisRunner has terminated.
Mono: successfully reloaded assembly
- Completed reload, in  0.459 seconds
Platform modules already initialized, skipping
Refreshing native plugins compatible for Editor in 0.18 ms, found 0 plugins.
Preloading 0 native plugins for Editor in 0.00 ms.
Unloading 1108 Unused Serialized files (Serialized files now loaded: 0)
System memory in use before: 60.2 MB.
System memory in use after: 60.3 MB.

Unloading 4 unused Assets to reduce memory usage. Loaded Objects now: 1587.
Total: 1.250500 ms (FindLiveObjects: 0.128500 ms CreateObjectMapping: 0.027300 ms MarkObjects: 1.085000 ms  DeleteObjects: 0.009000 ms)

========================================================================
Received Prepare
Registering precompiled user dll's ...
Registered in 0.000502 seconds.
Begin MonoManager ReloadAssembly
Native extension for WindowsStandalone target not found
Refreshing native plugins compatible for Editor in 0.18 ms, found 0 plugins.
Preloading 0 native plugins for Editor in 0.00 ms.
Invoked RoslynAnalysisRunner static constructor.
RoslynAnalysisRunner will not be running.
RoslynAnalysisRunner has terminated.
Mono: successfully reloaded assembly
- Completed reload, in  0.455 seconds
Platform modules already initialized, skipping
Refreshing native plugins compatible for Editor in 0.17 ms, found 0 plugins.
Preloading 0 native plugins for Editor in 0.00 ms.
Unloading 1108 Unused Serialized files (Serialized files now loaded: 0)
System memory in use before: 60.2 MB.
System memory in use after: 60.3 MB.

Unloading 4 unused Assets to reduce memory usage. Loaded Objects now: 1589.
Total: 1.249000 ms (FindLiveObjects: 0.157800 ms CreateObjectMapping: 0.033600 ms MarkObjects: 1.047000 ms  DeleteObjects: 0.009800 ms)

========================================================================
Received Import Request.
  Time since last request: 344.596128 seconds.
  path: Assets/StartButton.cs
  artifactKey: Guid(42c32f55b3f7d02488d09fa0cfb73f37) Importer(815301076,1909f56bfc062723c751e8b465ee728b)
Start importing Assets/StartButton.cs using Guid(42c32f55b3f7d02488d09fa0cfb73f37) Importer(815301076,1909f56bfc062723c751e8b465ee728b)  -> (artifact id: 'bc2047b66d4068614282c3d2a1fa0c93') in 0.004161 seconds
  Import took 0.005733 seconds .

========================================================================
Received Import Request.
  Time since last request: 0.000585 seconds.
  path: Assets/StartButton.cs
  artifactKey: Guid(42c32f55b3f7d02488d09fa0cfb73f37) Importer(815301076,1909f56bfc062723c751e8b465ee728b)
Start importing Assets/StartButton.cs using Guid(42c32f55b3f7d02488d09fa0cfb73f37) Importer(815301076,1909f56bfc062723c751e8b465ee728b)  -> (artifact id: 'bc2047b66d4068614282c3d2a1fa0c93') in 0.001621 seconds
  Import took 0.002628 seconds .

========================================================================
Received Prepare
Registering precompiled user dll's ...
Registered in 0.000458 seconds.
Begin MonoManager ReloadAssembly
Native extension for WindowsStandalone target not found
Refreshing native plugins compatible for Editor in 0.18 ms, found 0 plugins.
Preloading 0 native plugins for Editor in 0.00 ms.
Invoked RoslynAnalysisRunner static constructor.
RoslynAnalysisRunner will not be running.
RoslynAnalysisRunner has terminated.
Mono: successfully reloaded assembly
- Completed reload, in  0.461 seconds
Platform modules already initialized, skipping
Script is not up to date after domain reload: guid(e59292e62b5d8274b99e10051de7308d) path("Assets/StartButton1.cs") state(2)
Refreshing native plugins compatible for Editor in 0.18 ms, found 0 plugins.
Preloading 0 native plugins for Editor in 0.00 ms.
Unloading 1108 Unused Serialized files (Serialized files now loaded: 0)
System memory in use before: 60.2 MB.
System memory in use after: 60.3 MB.

Unloading 4 unused Assets to reduce memory usage. Loaded Objects now: 1591.
Total: 1.312400 ms (FindLiveObjects: 0.170700 ms CreateObjectMapping: 0.033400 ms MarkObjects: 1.098600 ms  DeleteObjects: 0.008900 ms)

========================================================================
Received Import Request.
  Time since last request: 4.966827 seconds.
  path: Assets/StartButton1.cs
  artifactKey: Guid(e59292e62b5d8274b99e10051de7308d) Importer(815301076,1909f56bfc062723c751e8b465ee728b)
Start importing Assets/StartButton1.cs using Guid(e59292e62b5d8274b99e10051de7308d) Importer(815301076,1909f56bfc062723c751e8b465ee728b)  -> (artifact id: '43aaa03134fd1a06112365c97033d135') in 0.005971 seconds
  Import took 0.007441 seconds .

========================================================================
Received Import Request.
  Time since last request: 10.905983 seconds.
  path: Assets/QuitButtton.cs
  artifactKey: Guid(e59292e62b5d8274b99e10051de7308d) Importer(815301076,1909f56bfc062723c751e8b465ee728b)
Start importing Assets/QuitButtton.cs using Guid(e59292e62b5d8274b99e10051de7308d) Importer(815301076,1909f56bfc062723c751e8b465ee728b)  -> (artifact id: '0ef54c3b014abc98e00a4fcd27c89f29') in 0.004813 seconds
  Import took 0.006404 seconds .

========================================================================
Received Prepare
Registering precompiled user dll's ...
Registered in 0.000448 seconds.
Begin MonoManager ReloadAssembly
Native extension for WindowsStandalone target not found
Refreshing native plugins compatible for Editor in 0.18 ms, found 0 plugins.
Preloading 0 native plugins for Editor in 0.00 ms.
Invoked RoslynAnalysisRunner static constructor.
RoslynAnalysisRunner will not be running.
RoslynAnalysisRunner has terminated.
Mono: successfully reloaded assembly
- Completed reload, in  0.450 seconds
Platform modules already initialized, skipping
Refreshing native plugins compatible for Editor in 0.17 ms, found 0 plugins.
Preloading 0 native plugins for Editor in 0.00 ms.
Unloading 1109 Unused Serialized files (Serialized files now loaded: 0)
System memory in use before: 60.3 MB.
System memory in use after: 60.4 MB.

Unloading 4 unused Assets to reduce memory usage. Loaded Objects now: 1594.
Total: 1.189300 ms (FindLiveObjects: 0.093900 ms CreateObjectMapping: 0.027200 ms MarkObjects: 1.058900 ms  DeleteObjects: 0.008600 ms)

========================================================================
Received Prepare
Refreshing native plugins compatible for Editor in 0.58 ms, found 0 plugins.
Preloading 0 native plugins for Editor in 0.00 ms.
Unloading 2 Unused Serialized files (Serialized files now loaded: 0)
System memory in use before: 38.3 MB.
System memory in use after: 38.4 MB.

Unloading 2 unused Assets to reduce memory usage. Loaded Objects now: 1594.
Total: 1.296300 ms (FindLiveObjects: 0.170100 ms CreateObjectMapping: 0.022700 ms MarkObjects: 1.094200 ms  DeleteObjects: 0.008500 ms)

========================================================================
Received Import Request.
  Time since last request: 131.590222 seconds.
  path: Assets/QuitButtton.cs
  artifactKey: Guid(e59292e62b5d8274b99e10051de7308d) Importer(815301076,1909f56bfc062723c751e8b465ee728b)
Start importing Assets/QuitButtton.cs using Guid(e59292e62b5d8274b99e10051de7308d) Importer(815301076,1909f56bfc062723c751e8b465ee728b)  -> (artifact id: '3fef7d59786923524ffc3b927276a5f4') in 0.004548 seconds
  Import took 0.006118 seconds .

========================================================================
Received Prepare
Registering precompiled user dll's ...
Registered in 0.000494 seconds.
Begin MonoManager ReloadAssembly
Native extension for WindowsStandalone target not found
Refreshing native plugins compatible for Editor in 0.19 ms, found 0 plugins.
Preloading 0 native plugins for Editor in 0.00 ms.
Invoked RoslynAnalysisRunner static constructor.
RoslynAnalysisRunner will not be running.
RoslynAnalysisRunner has terminated.
Mono: successfully reloaded assembly
- Completed reload, in  0.483 seconds
Platform modules already initialized, skipping
Refreshing native plugins compatible for Editor in 0.18 ms, found 0 plugins.
Preloading 0 native plugins for Editor in 0.00 ms.
Unloading 1108 Unused Serialized files (Serialized files now loaded: 0)
System memory in use before: 60.2 MB.
System memory in use after: 60.3 MB.

Unloading 5 unused Assets to reduce memory usage. Loaded Objects now: 1595.
Total: 1.298500 ms (FindLiveObjects: 0.127500 ms CreateObjectMapping: 0.023700 ms MarkObjects: 1.135400 ms  DeleteObjects: 0.011400 ms)

========================================================================
Received Prepare
Registering precompiled user dll's ...
Registered in 0.000429 seconds.
Begin MonoManager ReloadAssembly
Native extension for WindowsStandalone target not found
Refreshing native plugins compatible for Editor in 0.18 ms, found 0 plugins.
Preloading 0 native plugins for Editor in 0.00 ms.
Invoked RoslynAnalysisRunner static constructor.
RoslynAnalysisRunner will not be running.
RoslynAnalysisRunner has terminated.
Mono: successfully reloaded assembly
- Completed reload, in  0.471 seconds
Platform modules already initialized, skipping
Refreshing native plugins compatible for Editor in 0.17 ms, found 0 plugins.
Preloading 0 native plugins for Editor in 0.00 ms.
Unloading 1109 Unused Serialized files (Serialized files now loaded: 0)
System memory in use before: 60.3 MB.
System memory in use after: 60.4 MB.

Unloading 4 unused Assets to reduce memory usage. Loaded Objects now: 1598.
Total: 1.318000 ms (FindLiveObjects: 0.149600 ms CreateObjectMapping: 0.037500 ms MarkObjects: 1.119700 ms  DeleteObjects: 0.010500 ms)

========================================================================
Received Import Request.
  Time since last request: 19.441282 seconds.
  path: Assets/QuitButtton.cs
  artifactKey: Guid(e59292e62b5d8274b99e10051de7308d) Importer(815301076,1909f56bfc062723c751e8b465ee728b)
Start importing Assets/QuitButtton.cs using Guid(e59292e62b5d8274b99e10051de7308d) Importer(815301076,1909f56bfc062723c751e8b465ee728b)  -> (artifact id: '0faac23aa03150ef8b382b64fd862148') in 0.003477 seconds
  Import took 0.004966 seconds .

========================================================================
Received Import Request.
  Time since last request: 0.000427 seconds.
  path: Assets/QuitButtton.cs
  artifactKey: Guid(e59292e62b5d8274b99e10051de7308d) Importer(815301076,1909f56bfc062723c751e8b465ee728b)
Start importing Assets/QuitButtton.cs using Guid(e59292e62b5d8274b99e10051de7308d) Importer(815301076,1909f56bfc062723c751e8b465ee728b)  -> (artifact id: '0faac23aa03150ef8b382b64fd862148') in 0.001584 seconds
  Import took 0.002713 seconds .

========================================================================
Received Prepare
Registering precompiled user dll's ...
Registered in 0.000469 seconds.
Begin MonoManager ReloadAssembly
Native extension for WindowsStandalone target not found
Refreshing native plugins compatible for Editor in 0.18 ms, found 0 plugins.
Preloading 0 native plugins for Editor in 0.00 ms.
Invoked RoslynAnalysisRunner static constructor.
RoslynAnalysisRunner will not be running.
RoslynAnalysisRunner has terminated.
Mono: successfully reloaded assembly
- Completed reload, in  0.458 seconds
Platform modules already initialized, skipping
Refreshing native plugins compatible for Editor in 0.19 ms, found 0 plugins.
Preloading 0 native plugins for Editor in 0.00 ms.
Unloading 1109 Unused Serialized files (Serialized files now loaded: 0)
System memory in use before: 60.3 MB.
System memory in use after: 60.4 MB.

Unloading 4 unused Assets to reduce memory usage. Loaded Objects now: 1600.
Total: 1.436300 ms (FindLiveObjects: 0.134700 ms CreateObjectMapping: 0.046300 ms MarkObjects: 1.243400 ms  DeleteObjects: 0.010900 ms)

========================================================================
Received Import Request.
  Time since last request: 103.646303 seconds.
  path: Assets/QuitButtton.cs
  artifactKey: Guid(e59292e62b5d8274b99e10051de7308d) Importer(815301076,1909f56bfc062723c751e8b465ee728b)
Start importing Assets/QuitButtton.cs using Guid(e59292e62b5d8274b99e10051de7308d) Importer(815301076,1909f56bfc062723c751e8b465ee728b)  -> (artifact id: 'db02ec4496d88785bec149e5c36d1bda') in 0.003502 seconds
  Import took 0.004926 seconds .

========================================================================
Received Prepare
Registering precompiled user dll's ...
Registered in 0.000555 seconds.
Begin MonoManager ReloadAssembly
Native extension for WindowsStandalone target not found
Refreshing native plugins compatible for Editor in 0.18 ms, found 0 plugins.
Preloading 0 native plugins for Editor in 0.00 ms.
Invoked RoslynAnalysisRunner static constructor.
RoslynAnalysisRunner will not be running.
RoslynAnalysisRunner has terminated.
Mono: successfully reloaded assembly
- Completed reload, in  0.474 seconds
Platform modules already initialized, skipping
Refreshing native plugins compatible for Editor in 0.21 ms, found 0 plugins.
Preloading 0 native plugins for Editor in 0.00 ms.
Unloading 1109 Unused Serialized files (Serialized files now loaded: 0)
System memory in use before: 60.3 MB.
System memory in use after: 60.4 MB.

Unloading 4 unused Assets to reduce memory usage. Loaded Objects now: 1602.
Total: 1.359200 ms (FindLiveObjects: 0.145000 ms CreateObjectMapping: 0.026700 ms MarkObjects: 1.175600 ms  DeleteObjects: 0.010800 ms)

========================================================================
Received Import Request.
  Time since last request: 18.597898 seconds.
  path: Assets/QuitButtton.cs
  artifactKey: Guid(e59292e62b5d8274b99e10051de7308d) Importer(815301076,1909f56bfc062723c751e8b465ee728b)
Start importing Assets/QuitButtton.cs using Guid(e59292e62b5d8274b99e10051de7308d) Importer(815301076,1909f56bfc062723c751e8b465ee728b)  -> (artifact id: '7ba99fdd8d4eb86169d21a77985bb22f') in 0.003417 seconds
  Import took 0.004870 seconds .

========================================================================
Received Prepare
Refreshing native plugins compatible for Editor in 0.63 ms, found 0 plugins.
Preloading 0 native plugins for Editor in 0.00 ms.
Unloading 2 Unused Serialized files (Serialized files now loaded: 0)
System memory in use before: 38.3 MB.
System memory in use after: 38.4 MB.

Unloading 2 unused Assets to reduce memory usage. Loaded Objects now: 1602.
Total: 1.310700 ms (FindLiveObjects: 0.119700 ms CreateObjectMapping: 0.034200 ms MarkObjects: 1.147400 ms  DeleteObjects: 0.008400 ms)

========================================================================
Received Prepare
Refreshing native plugins compatible for Editor in 0.53 ms, found 0 plugins.
Preloading 0 native plugins for Editor in 0.00 ms.
Unloading 2 Unused Serialized files (Serialized files now loaded: 0)
System memory in use before: 38.3 MB.
System memory in use after: 38.4 MB.

Unloading 2 unused Assets to reduce memory usage. Loaded Objects now: 1602.
Total: 1.709100 ms (FindLiveObjects: 0.174900 ms CreateObjectMapping: 0.035600 ms MarkObjects: 1.488200 ms  DeleteObjects: 0.009100 ms)

AssetImportWorkerClient::OnTransportError - code=2 error=End of file
